[2017-01-21 02:06:35] START
[2017-01-21 02:06:35] EDIT ourhours/models/menu.py: -5
[2017-01-21 02:11:20] EDIT ourhours/models/markmin.py: -34
[2017-01-21 02:17:46] EDIT ourhours/models/markmin.py: 12
[2017-01-21 02:19:15] EDIT ourhours/controllers/default.py: 1
[2017-01-21 02:20:04] EDIT ourhours/models/markmin.py: 0
[2017-01-21 02:21:29] EDIT ourhours/models/markmin.py: 1
[2017-01-21 02:22:19] EDIT ourhours/models/markmin.py: 2
[2017-01-21 02:23:04] EDIT ourhours/models/markmin.py: 0
[2017-01-21 02:23:14] EDIT ourhours/models/markmin.py: 0
[2017-01-21 02:23:58] EDIT ourhours/models/markmin.py: 0
[2017-01-21 02:24:11] EDIT ourhours/models/markmin.py: -3
[2017-01-21 02:24:48] EDIT ourhours/models/markmin.py: 3
[2017-01-21 02:25:44] EDIT ourhours/models/markmin.py: 0
[2017-01-21 02:26:19] EDIT ourhours/models/markmin.py: -1
[2017-01-21 02:26:50] EDIT ourhours/models/markmin.py: 1
[2017-01-21 02:27:35] EDIT ourhours/models/markmin.py: 0
[2017-01-21 02:28:58] EDIT ourhours/controllers/default.py: 2
[2017-01-21 02:29:17] EDIT ourhours/controllers/default.py: 0
[2017-01-21 02:29:33] EDIT ourhours/controllers/default.py: 0
[2017-01-21 02:34:44] EDIT ourhours/views/default/index.html: 1
[2017-01-21 02:34:57] EDIT ourhours/views/default/index.html: 0
[2017-01-21 02:35:09] EDIT ourhours/views/default/index.html: 0
[2017-01-21 02:37:38] EDIT ourhours/controllers/default.py: 3
[2017-01-21 02:37:40] EDIT ourhours/controllers/default.py: -1
[2017-01-21 02:37:57] EDIT ourhours/controllers/default.py: 2
[2017-01-21 02:37:59] EDIT ourhours/controllers/default.py: 0
[2017-01-21 02:39:01] CREATE default/create.html: 0
[2017-01-21 02:39:20] EDIT ourhours/views/default/create.html: 1
[2017-01-21 02:39:39] EDIT ourhours/controllers/default.py: 0
[2017-01-21 02:40:26] EDIT ourhours/views/default/index.html: 0
[2017-01-21 02:43:01] EDIT ourhours/views/default/index.html: 4
[2017-01-21 02:43:15] EDIT ourhours/views/default/index.html: 0
[2017-01-21 02:45:26] EDIT ourhours/controllers/default.py: 0
[2017-01-21 02:45:26] EDIT ourhours/controllers/default.py: 0
[2017-01-21 02:47:13] EDIT ourhours/views/default/index.html: 4
[2017-01-21 02:47:34] EDIT ourhours/views/default/index.html: 1
[2017-01-21 02:48:47] EDIT ourhours/controllers/default.py: 0
[2017-01-21 02:49:50] EDIT ourhours/views/default/index.html: 0
[2017-01-21 02:55:27] EDIT ourhours/controllers/default.py: 0
[2017-01-21 02:56:30] EDIT ourhours/views/default/index.html: 2
[2017-01-21 02:56:39] EDIT ourhours/views/default/index.html: 1
[2017-01-21 02:56:55] EDIT ourhours/views/default/index.html: 0
[2017-01-21 02:56:56] EDIT ourhours/views/default/index.html: 0
[2017-01-21 02:57:02] EDIT ourhours/views/default/index.html: 0
[2017-01-21 02:57:03] EDIT ourhours/views/default/index.html: 0
[2017-01-21 02:57:31] EDIT ourhours/views/default/index.html: -1
[2017-01-21 02:58:53] EDIT ourhours/views/default/index.html: 0
[2017-01-21 02:59:10] EDIT ourhours/views/default/index.html: 0
[2017-01-21 02:59:30] CREATE default/event_page.html: 0
[2017-01-21 02:59:48] EDIT ourhours/controllers/default.py: 2
[2017-01-21 03:00:26] EDIT ourhours/views/default/event_page.html: -1
[2017-01-21 03:02:13] EDIT ourhours/controllers/default.py: 0
[2017-01-21 03:03:22] EDIT ourhours/views/default/index.html: 1
[2017-01-21 03:03:39] EDIT ourhours/views/default/index.html: 1
[2017-01-21 03:03:56] EDIT ourhours/views/default/index.html: 0
[2017-01-21 03:04:09] EDIT ourhours/views/default/index.html: 0
[2017-01-21 03:04:16] EDIT ourhours/controllers/default.py: 0
[2017-01-21 03:05:24] EDIT ourhours/controllers/default.py: 0
[2017-01-21 03:05:45] EDIT ourhours/controllers/default.py: 0
[2017-01-21 03:05:52] EDIT ourhours/controllers/default.py: 0
[2017-01-21 03:06:34] EDIT ourhours/controllers/default.py: 0
[2017-01-21 03:06:47] EDIT ourhours/controllers/default.py: 0
[2017-01-21 03:07:43] EDIT ourhours/controllers/default.py: -53
[2017-01-21 03:11:06] EDIT ourhours/views/default/event_page.html: 14
[2017-01-21 03:11:16] CREATE default/ecreate.html: 0
[2017-01-21 03:11:24] EDIT ourhours/views/default/ecreate.html: 1
[2017-01-21 03:12:46] EDIT ourhours/controllers/default.py: 6
[2017-01-21 03:13:22] EDIT ourhours/controllers/default.py: 1
[2017-01-21 03:13:33] EDIT ourhours/controllers/default.py: 0
[2017-01-21 03:14:14] EDIT ourhours/controllers/default.py: 0
[2017-01-21 03:15:37] EDIT ourhours/controllers/default.py: 0
[2017-01-21 03:15:57] EDIT ourhours/controllers/default.py: 0
[2017-01-21 03:16:17] EDIT ourhours/controllers/default.py: 0
[2017-01-21 03:17:03] EDIT ourhours/controllers/default.py: 0
[2017-01-21 03:24:57] EDIT ourhours/controllers/default.py: 1
[2017-01-21 03:26:35] EDIT ourhours/controllers/default.py: 1
[2017-01-21 03:26:51] EDIT ourhours/controllers/default.py: 0
[2017-01-21 03:27:11] EDIT ourhours/controllers/default.py: 0
[2017-01-21 03:27:24] EDIT ourhours/controllers/default.py: 0
[2017-01-21 03:29:37] EDIT ourhours/controllers/default.py: 1
[2017-01-21 03:30:06] EDIT ourhours/models/markmin.py: 0
[2017-01-21 03:31:24] EDIT ourhours/controllers/default.py: -1
[2017-01-21 03:31:39] EDIT ourhours/controllers/default.py: -1
[2017-01-21 03:31:58] EDIT ourhours/controllers/default.py: 0
[2017-01-21 03:32:08] EDIT ourhours/controllers/default.py: 0
[2017-01-21 03:32:22] EDIT ourhours/controllers/default.py: 0
[2017-01-21 03:34:24] EDIT ourhours/controllers/default.py: 0
[2017-01-21 03:36:02] EDIT ourhours/controllers/default.py: 0
[2017-01-21 03:36:16] EDIT ourhours/controllers/default.py: 0
[2017-01-21 03:36:24] EDIT ourhours/controllers/default.py: 0
[2017-01-21 03:37:14] EDIT ourhours/controllers/default.py: 1
[2017-01-21 03:37:42] EDIT ourhours/controllers/default.py: -2
[2017-01-21 03:38:05] EDIT ourhours/controllers/default.py: 0
[2017-01-21 03:39:41] EDIT ourhours/controllers/default.py: 1
[2017-01-21 03:40:35] EDIT ourhours/controllers/default.py: 0
[2017-01-21 03:41:45] EDIT ourhours/controllers/default.py: 0
[2017-01-21 03:42:26] EDIT ourhours/controllers/default.py: 0
[2017-01-21 03:42:28] EDIT ourhours/controllers/default.py: 0
[2017-01-21 03:43:08] EDIT ourhours/controllers/default.py: 0
[2017-01-21 03:44:27] EDIT ourhours/controllers/default.py: 0
[2017-01-21 03:44:37] EDIT ourhours/controllers/default.py: 0
[2017-01-21 03:45:03] EDIT ourhours/controllers/default.py: 0
[2017-01-21 03:45:06] EDIT ourhours/controllers/default.py: 0
[2017-01-21 03:45:42] EDIT ourhours/controllers/default.py: 0
[2017-01-21 03:46:00] EDIT ourhours/views/default/event_page.html: 0
[2017-01-21 03:46:39] EDIT ourhours/controllers/default.py: 0
[2017-01-21 03:47:17] EDIT ourhours/controllers/default.py: 0
[2017-01-21 03:49:24] EDIT ourhours/controllers/default.py: 1
[2017-01-21 03:49:36] EDIT ourhours/controllers/default.py: 0
[2017-01-21 03:50:27] EDIT ourhours/controllers/default.py: -1
[2017-01-21 03:51:26] EDIT ourhours/controllers/default.py: 1
[2017-01-21 03:51:37] EDIT ourhours/controllers/default.py: -1
[2017-01-21 03:52:58] EDIT ourhours/controllers/default.py: 1
[2017-01-21 03:53:22] EDIT ourhours/controllers/default.py: 0
[2017-01-21 03:53:34] EDIT ourhours/controllers/default.py: -1
[2017-01-21 03:53:44] EDIT ourhours/controllers/default.py: 0
[2017-01-21 03:54:14] EDIT ourhours/controllers/default.py: 1
[2017-01-21 03:55:55] EDIT ourhours/controllers/default.py: 3
[2017-01-21 03:56:04] EDIT ourhours/controllers/default.py: 2
[2017-01-21 03:56:39] EDIT ourhours/controllers/default.py: -3
[2017-01-21 03:57:15] EDIT ourhours/controllers/default.py: -1
[2017-01-21 03:58:04] EDIT ourhours/controllers/default.py: 0
[2017-01-21 03:58:05] EDIT ourhours/models/markmin.py: 0
[2017-01-21 03:58:07] EDIT ourhours/views/default/index.html: 0
[2017-01-21 03:58:07] EDIT ourhours/views/default/create.html: 0
[2017-01-21 03:58:08] EDIT ourhours/views/default/event_page.html: 0
[2017-01-21 03:58:09] EDIT ourhours/views/default/ecreate.html: 0
[2017-01-21 11:22:49] EDIT ourhours/views/default/index.html: 1
[2017-01-21 11:23:49] EDIT ourhours/views/default/index.html: 6
[2017-01-21 11:23:57] EDIT ourhours/views/default/index.html: 0
[2017-01-21 11:27:04] CREATE default/user.html: 0
[2017-01-21 11:27:09] EDIT ourhours/views/default/user.html: 28
[2017-01-21 11:30:15] EDIT ourhours/views/default/index.html: -2
[2017-01-21 11:30:29] EDIT ourhours/views/default/index.html: 0
[2017-01-21 11:31:14] EDIT ourhours/views/default/index.html: 1
[2017-01-21 11:31:33] EDIT ourhours/views/default/index.html: 0
[2017-01-21 11:31:53] EDIT ourhours/views/default/index.html: 2
[2017-01-21 11:32:49] EDIT ourhours/views/default/index.html: -2
[2017-01-21 11:33:56] EDIT ourhours/views/default/index.html: 4
[2017-01-21 11:35:11] EDIT ourhours/views/default/index.html: 0
[2017-01-21 11:36:03] EDIT ourhours/models/menu.py: 1
[2017-01-21 11:37:14] EDIT ourhours/models/menu.py: 0
[2017-01-21 11:37:52] EDIT ourhours/models/menu.py: 0
[2017-01-21 11:37:55] EDIT ourhours/models/menu.py: 0
[2017-01-21 11:38:13] EDIT ourhours/models/menu.py: -3
[2017-01-21 11:39:50] EDIT ourhours/controllers/default.py: 1
[2017-01-21 11:41:02] EDIT ourhours/controllers/default.py: 0
[2017-01-21 11:41:23] EDIT ourhours/controllers/default.py: 2
[2017-01-21 11:41:35] EDIT ourhours/controllers/default.py: 0
[2017-01-21 11:42:07] EDIT ourhours/controllers/default.py: 0
